2024/05/09 14:53:21,352 [INFO ] [org.springframework.boot.StartupInfoLogger] [main]- Started BoardserverApplication in 6.365 seconds (process running for 9.258)
 -2024/05/09 14:53:21,369 [DEBUG] [org.springframework.boot.availability.ApplicationAvailabilityBean] [main]- Application availability state LivenessState changed to CORRECT
 -2024/05/09 14:53:21,372 [DEBUG] [org.springframework.boot.availability.ApplicationAvailabilityBean] [main]- Application availability state ReadinessState changed to ACCEPTING_TRAFFIC
 -2024/05/09 14:53:43,435 [INFO ] [org.apache.juli.logging.DirectJDKLog] [http-nio-8080-exec-1]- Initializing Spring DispatcherServlet 'dispatcherServlet'
 -2024/05/09 14:53:43,437 [INFO ] [org.springframework.web.servlet.FrameworkServlet] [http-nio-8080-exec-1]- Initializing Servlet 'dispatcherServlet'
 -2024/05/09 14:53:43,438 [DEBUG] [org.springframework.web.servlet.DispatcherServlet] [http-nio-8080-exec-1]- Detected StandardServletMultipartResolver
 -2024/05/09 14:53:43,438 [DEBUG] [org.springframework.web.servlet.DispatcherServlet] [http-nio-8080-exec-1]- Detected AcceptHeaderLocaleResolver
 -2024/05/09 14:53:43,438 [DEBUG] [org.springframework.web.servlet.DispatcherServlet] [http-nio-8080-exec-1]- Detected FixedThemeResolver
 -2024/05/09 14:53:43,440 [DEBUG] [org.springframework.web.servlet.DispatcherServlet] [http-nio-8080-exec-1]- Detected org.springframework.web.servlet.view.DefaultRequestToViewNameTranslator@39b71269
 -2024/05/09 14:53:43,441 [DEBUG] [org.springframework.web.servlet.DispatcherServlet] [http-nio-8080-exec-1]- Detected org.springframework.web.servlet.support.SessionFlashMapManager@46366e0c
 -2024/05/09 14:53:43,443 [DEBUG] [org.springframework.web.servlet.FrameworkServlet] [http-nio-8080-exec-1]- enableLoggingRequestDetails='false': request parameters and headers will be masked to prevent unsafe logging of potentially sensitive data
 -2024/05/09 14:53:43,443 [INFO ] [org.springframework.web.servlet.FrameworkServlet] [http-nio-8080-exec-1]- Completed initialization in 6 ms
 -2024/05/09 14:53:43,460 [DEBUG] [org.springframework.core.log.LogFormatUtils] [http-nio-8080-exec-1]- GET "/", parameters={}
 -2024/05/09 14:53:43,479 [DEBUG] [org.springframework.web.servlet.handler.AbstractHandlerMapping] [http-nio-8080-exec-1]- Mapped to com.fastcampus.boardserver.controller.MainController#main()
 -2024/05/09 14:53:43,523 [DEBUG] [org.springframework.web.servlet.mvc.method.annotation.AbstractMessageConverterMethodProcessor] [http-nio-8080-exec-1]- Using 'text/html', given [text/html, application/xhtml+xml, image/avif, image/webp, image/apng, application/xml;q=0.9, */*;q=0.8, application/signed-exchange;v=b3;q=0.7] and supported [text/plain, */*, application/json, application/*+json, application/cbor]
 -2024/05/09 14:53:43,524 [DEBUG] [org.springframework.core.log.LogFormatUtils] [http-nio-8080-exec-1]- Writing ["메인입니다."]
 -2024/05/09 14:53:43,533 [DEBUG] [org.springframework.web.servlet.FrameworkServlet] [http-nio-8080-exec-1]- Completed 200 OK
 -2024/05/09 14:53:43,665 [DEBUG] [org.springframework.core.log.LogFormatUtils] [http-nio-8080-exec-2]- GET "/favicon.ico", parameters={}
 -2024/05/09 14:53:43,669 [DEBUG] [org.springframework.web.servlet.handler.AbstractHandlerMapping] [http-nio-8080-exec-2]- Mapped to ResourceHttpRequestHandler [classpath [META-INF/resources/], classpath [resources/], classpath [static/], classpath [public/], ServletContext [/]]
 -2024/05/09 14:53:43,676 [DEBUG] [org.springframework.web.servlet.resource.ResourceHttpRequestHandler] [http-nio-8080-exec-2]- Resource not found
 -2024/05/09 14:53:43,679 [DEBUG] [org.springframework.web.servlet.mvc.method.annotation.ExceptionHandlerExceptionResolver] [http-nio-8080-exec-2]- Using @ExceptionHandler com.fastcampus.boardserver.exception.handler.CustomExceptionHandler#handlerException(Exception)
 -2024/05/09 14:53:43,751 [DEBUG] [org.springframework.web.servlet.mvc.method.annotation.AbstractMessageConverterMethodProcessor] [http-nio-8080-exec-2]- Using 'application/json;q=0.8', given [image/avif, image/webp, image/apng, image/svg+xml, image/*, */*;q=0.8] and supported [application/json, application/*+json, application/cbor]
 -2024/05/09 14:53:43,766 [DEBUG] [org.springframework.core.log.LogFormatUtils] [http-nio-8080-exec-2]- Writing [com.fastcampus.boardserver.dto.response.CommonResponse@4de89090]
 -2024/05/09 14:53:43,794 [DEBUG] [org.springframework.web.servlet.handler.AbstractHandlerExceptionResolver] [http-nio-8080-exec-2]- Resolved [org.springframework.web.servlet.resource.NoResourceFoundException: No static resource favicon.ico.]
 -2024/05/09 14:53:43,795 [DEBUG] [org.springframework.web.servlet.FrameworkServlet] [http-nio-8080-exec-2]- Completed 200 OK
 -2024/05/09 14:54:39,199 [DEBUG] [org.springframework.core.log.LogFormatUtils] [http-nio-8080-exec-4]- GET "/", parameters={}
 -2024/05/09 14:54:39,199 [DEBUG] [org.springframework.web.servlet.handler.AbstractHandlerMapping] [http-nio-8080-exec-4]- Mapped to com.fastcampus.boardserver.controller.MainController#main()
 -2024/05/09 14:54:39,200 [DEBUG] [org.springframework.web.servlet.mvc.method.annotation.AbstractMessageConverterMethodProcessor] [http-nio-8080-exec-4]- Using 'text/html', given [text/html, application/xhtml+xml, image/avif, image/webp, image/apng, application/xml;q=0.9, */*;q=0.8, application/signed-exchange;v=b3;q=0.7] and supported [text/plain, */*, application/json, application/*+json, application/cbor]
 -2024/05/09 14:54:39,200 [DEBUG] [org.springframework.core.log.LogFormatUtils] [http-nio-8080-exec-4]- Writing ["메인입니다."]
 -2024/05/09 14:54:39,202 [DEBUG] [org.springframework.web.servlet.FrameworkServlet] [http-nio-8080-exec-4]- Completed 200 OK
 -2024/05/09 14:54:39,307 [DEBUG] [org.springframework.core.log.LogFormatUtils] [http-nio-8080-exec-3]- GET "/favicon.ico", parameters={}
 -2024/05/09 14:54:39,308 [DEBUG] [org.springframework.web.servlet.handler.AbstractHandlerMapping] [http-nio-8080-exec-3]- Mapped to ResourceHttpRequestHandler [classpath [META-INF/resources/], classpath [resources/], classpath [static/], classpath [public/], ServletContext [/]]
 -2024/05/09 14:54:39,314 [DEBUG] [org.springframework.web.servlet.resource.ResourceHttpRequestHandler] [http-nio-8080-exec-3]- Resource not found
 -2024/05/09 14:54:39,315 [DEBUG] [org.springframework.web.servlet.mvc.method.annotation.ExceptionHandlerExceptionResolver] [http-nio-8080-exec-3]- Using @ExceptionHandler com.fastcampus.boardserver.exception.handler.CustomExceptionHandler#handlerException(Exception)
 -2024/05/09 14:54:39,316 [DEBUG] [org.springframework.web.servlet.mvc.method.annotation.AbstractMessageConverterMethodProcessor] [http-nio-8080-exec-3]- Using 'application/json;q=0.8', given [image/avif, image/webp, image/apng, image/svg+xml, image/*, */*;q=0.8] and supported [application/json, application/*+json, application/cbor]
 -2024/05/09 14:54:39,317 [DEBUG] [org.springframework.core.log.LogFormatUtils] [http-nio-8080-exec-3]- Writing [com.fastcampus.boardserver.dto.response.CommonResponse@474dddb5]
 -2024/05/09 14:54:39,318 [DEBUG] [org.springframework.web.servlet.handler.AbstractHandlerExceptionResolver] [http-nio-8080-exec-3]- Resolved [org.springframework.web.servlet.resource.NoResourceFoundException: No static resource favicon.ico.]
 -2024/05/09 14:54:39,318 [DEBUG] [org.springframework.web.servlet.FrameworkServlet] [http-nio-8080-exec-3]- Completed 200 OK
 -2024/05/09 14:54:43,234 [DEBUG] [org.springframework.core.log.LogFormatUtils] [http-nio-8080-exec-5]- GET "/", parameters={}
 -2024/05/09 14:54:43,234 [DEBUG] [org.springframework.web.servlet.handler.AbstractHandlerMapping] [http-nio-8080-exec-5]- Mapped to com.fastcampus.boardserver.controller.MainController#main()
 -2024/05/09 14:54:43,235 [DEBUG] [org.springframework.web.servlet.mvc.method.annotation.AbstractMessageConverterMethodProcessor] [http-nio-8080-exec-5]- Using 'text/html', given [text/html, application/xhtml+xml, image/avif, image/webp, image/apng, application/xml;q=0.9, */*;q=0.8, application/signed-exchange;v=b3;q=0.7] and supported [text/plain, */*, application/json, application/*+json, application/cbor]
 -2024/05/09 14:54:43,235 [DEBUG] [org.springframework.core.log.LogFormatUtils] [http-nio-8080-exec-5]- Writing ["메인입니다."]
 -2024/05/09 14:54:43,237 [DEBUG] [org.springframework.web.servlet.FrameworkServlet] [http-nio-8080-exec-5]- Completed 200 OK
 -2024/05/09 14:54:43,343 [DEBUG] [org.springframework.core.log.LogFormatUtils] [http-nio-8080-exec-6]- GET "/favicon.ico", parameters={}
 -2024/05/09 14:54:43,343 [DEBUG] [org.springframework.web.servlet.handler.AbstractHandlerMapping] [http-nio-8080-exec-6]- Mapped to ResourceHttpRequestHandler [classpath [META-INF/resources/], classpath [resources/], classpath [static/], classpath [public/], ServletContext [/]]
 -2024/05/09 14:54:43,344 [DEBUG] [org.springframework.web.servlet.resource.ResourceHttpRequestHandler] [http-nio-8080-exec-6]- Resource not found
 -2024/05/09 14:54:43,345 [DEBUG] [org.springframework.web.servlet.mvc.method.annotation.ExceptionHandlerExceptionResolver] [http-nio-8080-exec-6]- Using @ExceptionHandler com.fastcampus.boardserver.exception.handler.CustomExceptionHandler#handlerException(Exception)
 -2024/05/09 14:54:43,345 [DEBUG] [org.springframework.web.servlet.mvc.method.annotation.AbstractMessageConverterMethodProcessor] [http-nio-8080-exec-6]- Using 'application/json;q=0.8', given [image/avif, image/webp, image/apng, image/svg+xml, image/*, */*;q=0.8] and supported [application/json, application/*+json, application/cbor]
 -2024/05/09 14:54:43,345 [DEBUG] [org.springframework.core.log.LogFormatUtils] [http-nio-8080-exec-6]- Writing [com.fastcampus.boardserver.dto.response.CommonResponse@2462c3f]
 -2024/05/09 14:54:43,347 [DEBUG] [org.springframework.web.servlet.handler.AbstractHandlerExceptionResolver] [http-nio-8080-exec-6]- Resolved [org.springframework.web.servlet.resource.NoResourceFoundException: No static resource favicon.ico.]
 -2024/05/09 14:54:43,347 [DEBUG] [org.springframework.web.servlet.FrameworkServlet] [http-nio-8080-exec-6]- Completed 200 OK
 -2024/05/09 14:54:44,377 [DEBUG] [org.springframework.core.log.LogFormatUtils] [http-nio-8080-exec-7]- GET "/", parameters={}
 -2024/05/09 14:54:44,377 [DEBUG] [org.springframework.web.servlet.handler.AbstractHandlerMapping] [http-nio-8080-exec-7]- Mapped to com.fastcampus.boardserver.controller.MainController#main()
 -2024/05/09 14:54:44,378 [DEBUG] [org.springframework.web.servlet.mvc.method.annotation.AbstractMessageConverterMethodProcessor] [http-nio-8080-exec-7]- Using 'text/html', given [text/html, application/xhtml+xml, image/avif, image/webp, image/apng, application/xml;q=0.9, */*;q=0.8, application/signed-exchange;v=b3;q=0.7] and supported [text/plain, */*, application/json, application/*+json, application/cbor]
 -2024/05/09 14:54:44,378 [DEBUG] [org.springframework.core.log.LogFormatUtils] [http-nio-8080-exec-7]- Writing ["메인입니다."]
 -2024/05/09 14:54:44,379 [DEBUG] [org.springframework.web.servlet.FrameworkServlet] [http-nio-8080-exec-7]- Completed 200 OK
 -2024/05/09 14:54:44,477 [DEBUG] [org.springframework.core.log.LogFormatUtils] [http-nio-8080-exec-10]- GET "/favicon.ico", parameters={}
 -2024/05/09 14:54:44,478 [DEBUG] [org.springframework.web.servlet.handler.AbstractHandlerMapping] [http-nio-8080-exec-10]- Mapped to ResourceHttpRequestHandler [classpath [META-INF/resources/], classpath [resources/], classpath [static/], classpath [public/], ServletContext [/]]
 -2024/05/09 14:54:44,480 [DEBUG] [org.springframework.web.servlet.resource.ResourceHttpRequestHandler] [http-nio-8080-exec-10]- Resource not found
 -2024/05/09 14:54:44,480 [DEBUG] [org.springframework.web.servlet.mvc.method.annotation.ExceptionHandlerExceptionResolver] [http-nio-8080-exec-10]- Using @ExceptionHandler com.fastcampus.boardserver.exception.handler.CustomExceptionHandler#handlerException(Exception)
 -2024/05/09 14:54:44,481 [DEBUG] [org.springframework.web.servlet.mvc.method.annotation.AbstractMessageConverterMethodProcessor] [http-nio-8080-exec-10]- Using 'application/json;q=0.8', given [image/avif, image/webp, image/apng, image/svg+xml, image/*, */*;q=0.8] and supported [application/json, application/*+json, application/cbor]
 -2024/05/09 14:54:44,481 [DEBUG] [org.springframework.core.log.LogFormatUtils] [http-nio-8080-exec-10]- Writing [com.fastcampus.boardserver.dto.response.CommonResponse@2ffac974]
 -2024/05/09 14:54:44,482 [DEBUG] [org.springframework.web.servlet.handler.AbstractHandlerExceptionResolver] [http-nio-8080-exec-10]- Resolved [org.springframework.web.servlet.resource.NoResourceFoundException: No static resource favicon.ico.]
 -2024/05/09 14:54:44,482 [DEBUG] [org.springframework.web.servlet.FrameworkServlet] [http-nio-8080-exec-10]- Completed 200 OK
 -2024/05/09 14:54:46,064 [DEBUG] [org.springframework.core.log.LogFormatUtils] [http-nio-8080-exec-1]- GET "/", parameters={}
 -2024/05/09 14:54:46,064 [DEBUG] [org.springframework.web.servlet.handler.AbstractHandlerMapping] [http-nio-8080-exec-1]- Mapped to com.fastcampus.boardserver.controller.MainController#main()
 -2024/05/09 14:54:46,064 [DEBUG] [org.springframework.web.servlet.mvc.method.annotation.AbstractMessageConverterMethodProcessor] [http-nio-8080-exec-1]- Using 'text/html', given [text/html, application/xhtml+xml, image/avif, image/webp, image/apng, application/xml;q=0.9, */*;q=0.8, application/signed-exchange;v=b3;q=0.7] and supported [text/plain, */*, application/json, application/*+json, application/cbor]
 -2024/05/09 14:54:46,064 [DEBUG] [org.springframework.core.log.LogFormatUtils] [http-nio-8080-exec-1]- Writing ["메인입니다."]
 -2024/05/09 14:54:46,065 [DEBUG] [org.springframework.web.servlet.FrameworkServlet] [http-nio-8080-exec-1]- Completed 200 OK
 -2024/05/09 14:54:46,165 [DEBUG] [org.springframework.core.log.LogFormatUtils] [http-nio-8080-exec-2]- GET "/favicon.ico", parameters={}
 -2024/05/09 14:54:46,166 [DEBUG] [org.springframework.web.servlet.handler.AbstractHandlerMapping] [http-nio-8080-exec-2]- Mapped to ResourceHttpRequestHandler [classpath [META-INF/resources/], classpath [resources/], classpath [static/], classpath [public/], ServletContext [/]]
 -2024/05/09 14:54:46,167 [DEBUG] [org.springframework.web.servlet.resource.ResourceHttpRequestHandler] [http-nio-8080-exec-2]- Resource not found
 -2024/05/09 14:54:46,167 [DEBUG] [org.springframework.web.servlet.mvc.method.annotation.ExceptionHandlerExceptionResolver] [http-nio-8080-exec-2]- Using @ExceptionHandler com.fastcampus.boardserver.exception.handler.CustomExceptionHandler#handlerException(Exception)
 -2024/05/09 14:54:46,167 [DEBUG] [org.springframework.web.servlet.mvc.method.annotation.AbstractMessageConverterMethodProcessor] [http-nio-8080-exec-2]- Using 'application/json;q=0.8', given [image/avif, image/webp, image/apng, image/svg+xml, image/*, */*;q=0.8] and supported [application/json, application/*+json, application/cbor]
 -2024/05/09 14:54:46,167 [DEBUG] [org.springframework.core.log.LogFormatUtils] [http-nio-8080-exec-2]- Writing [com.fastcampus.boardserver.dto.response.CommonResponse@7130d7af]
 -2024/05/09 14:54:46,168 [DEBUG] [org.springframework.web.servlet.handler.AbstractHandlerExceptionResolver] [http-nio-8080-exec-2]- Resolved [org.springframework.web.servlet.resource.NoResourceFoundException: No static resource favicon.ico.]
 -2024/05/09 14:54:46,168 [DEBUG] [org.springframework.web.servlet.FrameworkServlet] [http-nio-8080-exec-2]- Completed 200 OK
 -2024/05/09 14:54:53,532 [DEBUG] [org.springframework.core.log.LogFormatUtils] [http-nio-8080-exec-4]- GET "/", parameters={}
 -2024/05/09 14:54:53,533 [DEBUG] [org.springframework.web.servlet.handler.AbstractHandlerMapping] [http-nio-8080-exec-4]- Mapped to com.fastcampus.boardserver.controller.MainController#main()
 -2024/05/09 14:54:53,533 [DEBUG] [org.springframework.web.servlet.mvc.method.annotation.AbstractMessageConverterMethodProcessor] [http-nio-8080-exec-4]- Using 'text/html', given [text/html, application/xhtml+xml, image/avif, image/webp, image/apng, application/xml;q=0.9, */*;q=0.8, application/signed-exchange;v=b3;q=0.7] and supported [text/plain, */*, application/json, application/*+json, application/cbor]
 -2024/05/09 14:54:53,533 [DEBUG] [org.springframework.core.log.LogFormatUtils] [http-nio-8080-exec-4]- Writing ["메인입니다."]
 -2024/05/09 14:54:53,533 [DEBUG] [org.springframework.web.servlet.FrameworkServlet] [http-nio-8080-exec-4]- Completed 200 OK
 -2024/05/09 14:54:53,635 [DEBUG] [org.springframework.core.log.LogFormatUtils] [http-nio-8080-exec-3]- GET "/favicon.ico", parameters={}
 -2024/05/09 14:54:53,635 [DEBUG] [org.springframework.web.servlet.handler.AbstractHandlerMapping] [http-nio-8080-exec-3]- Mapped to ResourceHttpRequestHandler [classpath [META-INF/resources/], classpath [resources/], classpath [static/], classpath [public/], ServletContext [/]]
 -2024/05/09 14:54:53,637 [DEBUG] [org.springframework.web.servlet.resource.ResourceHttpRequestHandler] [http-nio-8080-exec-3]- Resource not found
 -2024/05/09 14:54:53,637 [DEBUG] [org.springframework.web.servlet.mvc.method.annotation.ExceptionHandlerExceptionResolver] [http-nio-8080-exec-3]- Using @ExceptionHandler com.fastcampus.boardserver.exception.handler.CustomExceptionHandler#handlerException(Exception)
 -2024/05/09 14:54:53,637 [DEBUG] [org.springframework.web.servlet.mvc.method.annotation.AbstractMessageConverterMethodProcessor] [http-nio-8080-exec-3]- Using 'application/json;q=0.8', given [image/avif, image/webp, image/apng, image/svg+xml, image/*, */*;q=0.8] and supported [application/json, application/*+json, application/cbor]
 -2024/05/09 14:54:53,637 [DEBUG] [org.springframework.core.log.LogFormatUtils] [http-nio-8080-exec-3]- Writing [com.fastcampus.boardserver.dto.response.CommonResponse@3b7b0c93]
 -2024/05/09 14:54:53,639 [DEBUG] [org.springframework.web.servlet.handler.AbstractHandlerExceptionResolver] [http-nio-8080-exec-3]- Resolved [org.springframework.web.servlet.resource.NoResourceFoundException: No static resource favicon.ico.]
 -2024/05/09 14:54:53,639 [DEBUG] [org.springframework.web.servlet.FrameworkServlet] [http-nio-8080-exec-3]- Completed 200 OK
 -2024/05/09 14:54:56,315 [DEBUG] [org.springframework.core.log.LogFormatUtils] [http-nio-8080-exec-5]- GET "/", parameters={}
 -2024/05/09 14:54:56,315 [DEBUG] [org.springframework.web.servlet.handler.AbstractHandlerMapping] [http-nio-8080-exec-5]- Mapped to com.fastcampus.boardserver.controller.MainController#main()
 -2024/05/09 14:54:56,316 [DEBUG] [org.springframework.web.servlet.mvc.method.annotation.AbstractMessageConverterMethodProcessor] [http-nio-8080-exec-5]- Using 'text/html', given [text/html, application/xhtml+xml, image/avif, image/webp, image/apng, application/xml;q=0.9, */*;q=0.8, application/signed-exchange;v=b3;q=0.7] and supported [text/plain, */*, application/json, application/*+json, application/cbor]
 -2024/05/09 14:54:56,316 [DEBUG] [org.springframework.core.log.LogFormatUtils] [http-nio-8080-exec-5]- Writing ["메인입니다."]
 -2024/05/09 14:54:56,316 [DEBUG] [org.springframework.web.servlet.FrameworkServlet] [http-nio-8080-exec-5]- Completed 200 OK
 -2024/05/09 14:54:56,412 [DEBUG] [org.springframework.core.log.LogFormatUtils] [http-nio-8080-exec-9]- GET "/favicon.ico", parameters={}
 -2024/05/09 14:54:56,413 [DEBUG] [org.springframework.web.servlet.handler.AbstractHandlerMapping] [http-nio-8080-exec-9]- Mapped to ResourceHttpRequestHandler [classpath [META-INF/resources/], classpath [resources/], classpath [static/], classpath [public/], ServletContext [/]]
 -2024/05/09 14:54:56,413 [DEBUG] [org.springframework.web.servlet.resource.ResourceHttpRequestHandler] [http-nio-8080-exec-9]- Resource not found
 -2024/05/09 14:54:56,413 [DEBUG] [org.springframework.web.servlet.mvc.method.annotation.ExceptionHandlerExceptionResolver] [http-nio-8080-exec-9]- Using @ExceptionHandler com.fastcampus.boardserver.exception.handler.CustomExceptionHandler#handlerException(Exception)
 -2024/05/09 14:54:56,414 [DEBUG] [org.springframework.web.servlet.mvc.method.annotation.AbstractMessageConverterMethodProcessor] [http-nio-8080-exec-9]- Using 'application/json;q=0.8', given [image/avif, image/webp, image/apng, image/svg+xml, image/*, */*;q=0.8] and supported [application/json, application/*+json, application/cbor]
 -2024/05/09 14:54:56,414 [DEBUG] [org.springframework.core.log.LogFormatUtils] [http-nio-8080-exec-9]- Writing [com.fastcampus.boardserver.dto.response.CommonResponse@7cf8346d]
 -2024/05/09 14:54:56,414 [DEBUG] [org.springframework.web.servlet.handler.AbstractHandlerExceptionResolver] [http-nio-8080-exec-9]- Resolved [org.springframework.web.servlet.resource.NoResourceFoundException: No static resource favicon.ico.]
 -2024/05/09 14:54:56,414 [DEBUG] [org.springframework.web.servlet.FrameworkServlet] [http-nio-8080-exec-9]- Completed 200 OK
 -2024/05/09 15:47:12,327 [DEBUG] [org.springframework.core.log.LogFormatUtils] [http-nio-8080-exec-8]- GET "/nmaplowercheck1715237231", parameters={}
 -2024/05/09 15:47:12,342 [DEBUG] [org.springframework.web.servlet.handler.AbstractHandlerMapping] [http-nio-8080-exec-8]- Mapped to ResourceHttpRequestHandler [classpath [META-INF/resources/], classpath [resources/], classpath [static/], classpath [public/], ServletContext [/]]
 -2024/05/09 15:47:12,358 [DEBUG] [org.springframework.web.servlet.resource.ResourceHttpRequestHandler] [http-nio-8080-exec-8]- Resource not found
 -2024/05/09 15:47:12,365 [DEBUG] [org.springframework.web.servlet.mvc.method.annotation.ExceptionHandlerExceptionResolver] [http-nio-8080-exec-8]- Using @ExceptionHandler com.fastcampus.boardserver.exception.handler.CustomExceptionHandler#handlerException(Exception)
 -2024/05/09 15:47:12,371 [DEBUG] [org.springframework.web.servlet.mvc.method.annotation.AbstractMessageConverterMethodProcessor] [http-nio-8080-exec-8]- Using 'application/json', given [*/*] and supported [application/json, application/*+json, application/cbor]
 -2024/05/09 15:47:12,372 [DEBUG] [org.springframework.core.log.LogFormatUtils] [http-nio-8080-exec-8]- Writing [com.fastcampus.boardserver.dto.response.CommonResponse@44f9d753]
 -2024/05/09 15:47:12,381 [DEBUG] [org.springframework.web.servlet.handler.AbstractHandlerExceptionResolver] [http-nio-8080-exec-8]- Resolved [org.springframework.web.servlet.resource.NoResourceFoundException: No static resource nmaplowercheck1715237231.]
 -2024/05/09 15:47:12,383 [DEBUG] [org.springframework.web.servlet.FrameworkServlet] [http-nio-8080-exec-8]- Completed 200 OK
 -2024/05/09 15:47:12,487 [DEBUG] [org.springframework.core.log.LogFormatUtils] [http-nio-8080-exec-7]- GET "/NmapUpperCheck1715237231", parameters={}
 -2024/05/09 15:47:12,487 [DEBUG] [org.springframework.web.servlet.handler.AbstractHandlerMapping] [http-nio-8080-exec-7]- Mapped to ResourceHttpRequestHandler [classpath [META-INF/resources/], classpath [resources/], classpath [static/], classpath [public/], ServletContext [/]]
 -2024/05/09 15:47:12,490 [DEBUG] [org.springframework.web.servlet.resource.ResourceHttpRequestHandler] [http-nio-8080-exec-7]- Resource not found
 -2024/05/09 15:47:12,491 [DEBUG] [org.springframework.web.servlet.mvc.method.annotation.ExceptionHandlerExceptionResolver] [http-nio-8080-exec-7]- Using @ExceptionHandler com.fastcampus.boardserver.exception.handler.CustomExceptionHandler#handlerException(Exception)
 -2024/05/09 15:47:12,491 [DEBUG] [org.springframework.web.servlet.mvc.method.annotation.AbstractMessageConverterMethodProcessor] [http-nio-8080-exec-7]- Using 'application/json', given [*/*] and supported [application/json, application/*+json, application/cbor]
 -2024/05/09 15:47:12,492 [DEBUG] [org.springframework.core.log.LogFormatUtils] [http-nio-8080-exec-7]- Writing [com.fastcampus.boardserver.dto.response.CommonResponse@7478b6b6]
 -2024/05/09 15:47:12,493 [DEBUG] [org.springframework.web.servlet.handler.AbstractHandlerExceptionResolver] [http-nio-8080-exec-7]- Resolved [org.springframework.web.servlet.resource.NoResourceFoundException: No static resource NmapUpperCheck1715237231.]
 -2024/05/09 15:47:12,493 [DEBUG] [org.springframework.web.servlet.FrameworkServlet] [http-nio-8080-exec-7]- Completed 200 OK
 -2024/05/09 15:47:12,637 [DEBUG] [org.springframework.core.log.LogFormatUtils] [http-nio-8080-exec-10]- GET "/Nmap/folder/check1715237231", parameters={}
 -2024/05/09 15:47:12,638 [DEBUG] [org.springframework.web.servlet.handler.AbstractHandlerMapping] [http-nio-8080-exec-10]- Mapped to ResourceHttpRequestHandler [classpath [META-INF/resources/], classpath [resources/], classpath [static/], classpath [public/], ServletContext [/]]
 -2024/05/09 15:47:12,640 [DEBUG] [org.springframework.web.servlet.resource.ResourceHttpRequestHandler] [http-nio-8080-exec-10]- Resource not found
 -2024/05/09 15:47:12,640 [DEBUG] [org.springframework.web.servlet.mvc.method.annotation.ExceptionHandlerExceptionResolver] [http-nio-8080-exec-10]- Using @ExceptionHandler com.fastcampus.boardserver.exception.handler.CustomExceptionHandler#handlerException(Exception)
 -2024/05/09 15:47:12,641 [DEBUG] [org.springframework.web.servlet.mvc.method.annotation.AbstractMessageConverterMethodProcessor] [http-nio-8080-exec-10]- Using 'application/json', given [*/*] and supported [application/json, application/*+json, application/cbor]
 -2024/05/09 15:47:12,641 [DEBUG] [org.springframework.core.log.LogFormatUtils] [http-nio-8080-exec-10]- Writing [com.fastcampus.boardserver.dto.response.CommonResponse@213d32fb]
 -2024/05/09 15:47:12,641 [DEBUG] [org.springframework.web.servlet.handler.AbstractHandlerExceptionResolver] [http-nio-8080-exec-10]- Resolved [org.springframework.web.servlet.resource.NoResourceFoundException: No static resource Nmap/folder/check1715237231.]
 -2024/05/09 15:47:12,641 [DEBUG] [org.springframework.web.servlet.FrameworkServlet] [http-nio-8080-exec-10]- Completed 200 OK
 -2024/05/09 15:47:12,789 [DEBUG] [org.springframework.core.log.LogFormatUtils] [http-nio-8080-exec-1]- GET "/HNAP1", parameters={}
 -2024/05/09 15:47:12,790 [DEBUG] [org.springframework.web.servlet.handler.AbstractHandlerMapping] [http-nio-8080-exec-1]- Mapped to ResourceHttpRequestHandler [classpath [META-INF/resources/], classpath [resources/], classpath [static/], classpath [public/], ServletContext [/]]
 -2024/05/09 15:47:12,794 [DEBUG] [org.springframework.web.servlet.resource.ResourceHttpRequestHandler] [http-nio-8080-exec-1]- Resource not found
 -2024/05/09 15:47:12,795 [DEBUG] [org.springframework.web.servlet.mvc.method.annotation.ExceptionHandlerExceptionResolver] [http-nio-8080-exec-1]- Using @ExceptionHandler com.fastcampus.boardserver.exception.handler.CustomExceptionHandler#handlerException(Exception)
 -2024/05/09 15:47:12,795 [DEBUG] [org.springframework.web.servlet.mvc.method.annotation.AbstractMessageConverterMethodProcessor] [http-nio-8080-exec-1]- Using 'application/json', given [*/*] and supported [application/json, application/*+json, application/cbor]
 -2024/05/09 15:47:12,795 [DEBUG] [org.springframework.core.log.LogFormatUtils] [http-nio-8080-exec-1]- Writing [com.fastcampus.boardserver.dto.response.CommonResponse@22a74ffb]
 -2024/05/09 15:47:12,796 [DEBUG] [org.springframework.web.servlet.handler.AbstractHandlerExceptionResolver] [http-nio-8080-exec-1]- Resolved [org.springframework.web.servlet.resource.NoResourceFoundException: No static resource HNAP1.]
 -2024/05/09 15:47:12,796 [DEBUG] [org.springframework.web.servlet.FrameworkServlet] [http-nio-8080-exec-1]- Completed 200 OK
 -2024/05/09 15:47:42,392 [DEBUG] [org.springframework.core.log.LogFormatUtils] [http-nio-8080-exec-2]- GET "/", parameters={}
 -2024/05/09 15:47:42,393 [DEBUG] [org.springframework.web.servlet.handler.AbstractHandlerMapping] [http-nio-8080-exec-2]- Mapped to com.fastcampus.boardserver.controller.MainController#main()
 -2024/05/09 15:47:42,407 [DEBUG] [org.springframework.web.servlet.mvc.method.annotation.AbstractMessageConverterMethodProcessor] [http-nio-8080-exec-2]- Using 'text/html', given [text/html, image/png, image/jpeg, image/pjpeg, image/x-xbitmap, image/svg+xml, image/gif;q=0.9, */*;q=0.1] and supported [text/plain, */*, application/json, application/*+json, application/cbor]
 -2024/05/09 15:47:42,407 [DEBUG] [org.springframework.core.log.LogFormatUtils] [http-nio-8080-exec-2]- Writing ["메인입니다."]
 -2024/05/09 15:47:42,408 [DEBUG] [org.springframework.web.servlet.FrameworkServlet] [http-nio-8080-exec-2]- Completed 200 OK
 -2024/05/09 15:47:42,926 [DEBUG] [org.springframework.core.log.LogFormatUtils] [http-nio-8080-exec-3]- GET "/favicon.ico", parameters={}
 -2024/05/09 15:47:42,927 [DEBUG] [org.springframework.web.servlet.handler.AbstractHandlerMapping] [http-nio-8080-exec-3]- Mapped to ResourceHttpRequestHandler [classpath [META-INF/resources/], classpath [resources/], classpath [static/], classpath [public/], ServletContext [/]]
 -2024/05/09 15:47:42,929 [DEBUG] [org.springframework.web.servlet.resource.ResourceHttpRequestHandler] [http-nio-8080-exec-3]- Resource not found
 -2024/05/09 15:47:42,930 [DEBUG] [org.springframework.web.servlet.mvc.method.annotation.ExceptionHandlerExceptionResolver] [http-nio-8080-exec-3]- Using @ExceptionHandler com.fastcampus.boardserver.exception.handler.CustomExceptionHandler#handlerException(Exception)
 -2024/05/09 15:47:42,930 [DEBUG] [org.springframework.web.servlet.mvc.method.annotation.AbstractMessageConverterMethodProcessor] [http-nio-8080-exec-3]- Using 'application/json', given [*/*] and supported [application/json, application/*+json, application/cbor]
 -2024/05/09 15:47:42,930 [DEBUG] [org.springframework.core.log.LogFormatUtils] [http-nio-8080-exec-3]- Writing [com.fastcampus.boardserver.dto.response.CommonResponse@3318033e]
 -2024/05/09 15:47:42,931 [DEBUG] [org.springframework.web.servlet.handler.AbstractHandlerExceptionResolver] [http-nio-8080-exec-3]- Resolved [org.springframework.web.servlet.resource.NoResourceFoundException: No static resource favicon.ico.]
 -2024/05/09 15:47:42,931 [DEBUG] [org.springframework.web.servlet.FrameworkServlet] [http-nio-8080-exec-3]- Completed 200 OK
 -2024/05/09 16:10:43,035 [DEBUG] [org.springframework.boot.availability.ApplicationAvailabilityBean] [SpringApplicationShutdownHook]- Application availability state ReadinessState changed from ACCEPTING_TRAFFIC to REFUSING_TRAFFIC
 -2024/05/09 16:10:43,045 [DEBUG] [org.springframework.context.support.AbstractApplicationContext] [SpringApplicationShutdownHook]- Closing org.springframework.boot.web.servlet.context.AnnotationConfigServletWebServerApplicationContext@6a1ebcff, started on Thu May 09 14:53:16 KST 2024
 -2024/05/09 16:10:43,174 [DEBUG] [org.springframework.context.support.DefaultLifecycleProcessor$LifecycleGroup] [SpringApplicationShutdownHook]- Stopping beans in phase 2147483647
 -2024/05/09 16:10:43,186 [DEBUG] [org.springframework.context.support.DefaultLifecycleProcessor] [SpringApplicationShutdownHook]- Bean 'applicationTaskExecutor' completed its stop procedure
 -2024/05/09 16:10:43,187 [DEBUG] [org.springframework.context.support.DefaultLifecycleProcessor$LifecycleGroup] [SpringApplicationShutdownHook]- Stopping beans in phase 2147482623
 -2024/05/09 16:10:43,211 [DEBUG] [org.springframework.context.support.DefaultLifecycleProcessor] [SpringApplicationShutdownHook]- Bean 'webServerGracefulShutdown' completed its stop procedure
 -2024/05/09 16:10:43,211 [DEBUG] [org.springframework.context.support.DefaultLifecycleProcessor$LifecycleGroup] [SpringApplicationShutdownHook]- Stopping beans in phase 2147481599
 -2024/05/09 16:10:43,394 [DEBUG] [org.springframework.context.support.DefaultLifecycleProcessor] [SpringApplicationShutdownHook]- Bean 'webServerStartStop' completed its stop procedure
 -2024/05/09 16:10:43,395 [DEBUG] [org.springframework.context.support.DefaultLifecycleProcessor$LifecycleGroup] [SpringApplicationShutdownHook]- Stopping beans in phase 0
 -2024/05/09 16:10:43,717 [DEBUG] [org.springframework.context.support.DefaultLifecycleProcessor] [SpringApplicationShutdownHook]- Bean 'redisConnectionFactory' completed its stop procedure
 -2024/05/09 16:10:43,717 [DEBUG] [org.springframework.context.support.DefaultLifecycleProcessor$LifecycleGroup] [SpringApplicationShutdownHook]- Stopping beans in phase -2147483647
 -2024/05/09 16:10:43,722 [DEBUG] [org.springframework.context.support.DefaultLifecycleProcessor] [SpringApplicationShutdownHook]- Bean 'springBootLoggingLifecycle' completed its stop procedure
 -2024/05/09 16:10:43,735 [DEBUG] [org.springframework.beans.factory.support.DisposableBeanAdapter] [SpringApplicationShutdownHook]- Custom destroy method 'shutdown' on bean with name 'lettuceClientResources' completed asynchronously
 -2024/05/09 16:10:43,750 [DEBUG] [org.springframework.jmx.export.MBeanExporter] [SpringApplicationShutdownHook]- Unregistering JMX-exposed beans on shutdown
 -2024/05/09 16:10:43,753 [DEBUG] [org.springframework.scheduling.concurrent.ExecutorConfigurationSupport] [SpringApplicationShutdownHook]- Shutting down ExecutorService 'applicationTaskExecutor'
 -